[     382ms] [WARNING] Caught a recoverable error. The site is still functional, but might have some UI flickering or degraded page load performance. If you are the author of this website, update external components and check recently added custom code or code overrides to fix the following server/client mismatches:
 Error: Minified React error #425; visit https://reactjs.org/docs/error-decoder.html?invariant=425 for the full message or use the non-minified dev environment for full errors and additional helpful warnings.
    at Ii (https://framerusercontent.com/sites/1XS0kSuPzFzHzGBQlDOnQO/react.BYQ-3Elq.mjs:6:68)
    at us (https://framerusercontent.com/sites/1XS0kSuPzFzHzGBQlDOnQO/react.BYQ-3Elq.mjs:8:14036)
    at ec (https://framerusercontent.com/sites/1XS0kSuPzFzHzGBQlDOnQO/react.BYQ-3Elq.mjs:8:37372)
    at $s (https://framerusercontent.com/sites/1XS0kSuPzFzHzGBQlDOnQO/react.BYQ-3Elq.mjs:8:37134)
    at Qs (https://framerusercontent.com/sites/1XS0kSuPzFzHzGBQlDOnQO/react.BYQ-3Elq.mjs:8:37046)
    at Ls (https://framerusercontent.com/sites/1XS0kSuPzFzHzGBQlDOnQO/react.BYQ-3Elq.mjs:8:32130)
    at wt (https://framerusercontent.com/sites/1XS0kSuPzFzHzGBQlDOnQO/react.BYQ-3Elq.mjs:1:10651)
    at MessagePort.Et (https://framerusercontent.com/sites/1XS0kSuPzFzHzGBQlDOnQO/react.BYQ-3Elq.mjs:1:11006) 
    at div
    at Nt (https://framerusercontent.com/sites/1XS0kSuPzFzHzGBQlDOnQO/script_main.CHLVvPgm.mjs:1:8911)
    at US (https://framerusercontent.com/sites/1XS0kSuPzFzHzGBQlDOnQO/framer.D3FLQgcr.mjs:1059:716)
    at Suspense
    at rl (https://framerusercontent.com/sites/1XS0kSuPzFzHzGBQlDOnQO/framer.D3FLQgcr.mjs:49:67857)
    at ll (https://framerusercontent.com/sites/1XS0kSuPzFzHzGBQlDOnQO/framer.D3FLQgcr.mjs:49:68521)
    at cl (https://framerusercontent.com/sites/1XS0kSuPzFzHzGBQlDOnQO/framer.D3FLQgcr.mjs:49:68383)
    at fl (https://framerusercontent.com/sites/1XS0kSuPzFzHzGBQlDOnQO/framer.D3FLQgcr.mjs:49:68792)
    at div
    at a (https://framerusercontent.com/sites/1XS0kSuPzFzHzGBQlDOnQO/motion.P2QJIt2h.mjs:9:7886)
    at https://framerusercontent.com/sites/1XS0kSuPzFzHzGBQlDOnQO/framer.D3FLQgcr.mjs:1059:1952
    at https://framerusercontent.com/sites/1XS0kSuPzFzHzGBQlDOnQO/framer.D3FLQgcr.mjs:1052:30383
    at https://framerusercontent.com/sites/1XS0kSuPzFzHzGBQlDOnQO/framer.D3FLQgcr.mjs:49:57706
    at https://framerusercontent.com/sites/1XS0kSuPzFzHzGBQlDOnQO/framer.D3FLQgcr.mjs:1052:32045
    at div
    at a (https://framerusercontent.com/sites/1XS0kSuPzFzHzGBQlDOnQO/motion.P2QJIt2h.mjs:9:7886)
    at nav
    at a (https://framerusercontent.com/sites/1XS0kSuPzFzHzGBQlDOnQO/motion.P2QJIt2h.mjs:9:7886)
    at Mn (https://framerusercontent.com/sites/1XS0kSuPzFzHzGBQlDOnQO/script_main.CHLVvPgm.mjs:1:23770)
    at a (https://framerusercontent.com/sites/1XS0kSuPzFzHzGBQlDOnQO/motion.P2QJIt2h.mjs:9:7886)
    at hu (https://framerusercontent.com/sites/1XS0kSuPzFzHzGBQlDOnQO/motion.P2QJIt2h.mjs:9:90599)
    at https://framerusercontent.com/sites/1XS0kSuPzFzHzGBQlDOnQO/script_main.CHLVvPgm.mjs:1:24329
    at https://framerusercontent.com/sites/1XS0kSuPzFzHzGBQlDOnQO/framer.D3FLQgcr.mjs:115:33813
    at https://framerusercontent.com/sites/1XS0kSuPzFzHzGBQlDOnQO/framer.D3FLQgcr.mjs:1060:5810
    at div
    at https://framerusercontent.com/sites/1XS0kSuPzFzHzGBQlDOnQO/framer.D3FLQgcr.mjs:1052:26754
    at https://framerusercontent.com/sites/1XS0kSuPzFzHzGBQlDOnQO/framer.D3FLQgcr.mjs:115:33813
    at hu (https://framerusercontent.com/sites/1XS0kSuPzFzHzGBQlDOnQO/motion.P2QJIt2h.mjs:9:90599)
    at Ki (https://framerusercontent.com/sites/1XS0kSuPzFzHzGBQlDOnQO/framer.D3FLQgcr.mjs:49:21567)
    at div
    at a (https://framerusercontent.com/sites/1XS0kSuPzFzHzGBQlDOnQO/motion.P2QJIt2h.mjs:9:7886)
    at https://framerusercontent.com/sites/1XS0kSuPzFzHzGBQlDOnQO/framer.D3FLQgcr.mjs:1059:1471
    at https://framerusercontent.com/sites/1XS0kSuPzFzHzGBQlDOnQO/framer.D3FLQgcr.mjs:1052:32232
    at https://framerusercontent.com/sites/1XS0kSuPzFzHzGBQlDOnQO/framer.D3FLQgcr.mjs:1052:32045
    at vi (https://framerusercontent.com/sites/1XS0kSuPzFzHzGBQlDOnQO/script_main.CHLVvPgm.mjs:1:105054)
    at div
    at a (https://framerusercontent.com/sites/1XS0kSuPzFzHzGBQlDOnQO/motion.P2QJIt2h.mjs:9:7886)
    at hu (https://framerusercontent.com/sites/1XS0kSuPzFzHzGBQlDOnQO/motion.P2QJIt2h.mjs:9:90599)
    at https://framerusercontent.com/sites/1XS0kSuPzFzHzGBQlDOnQO/script_main.CHLVvPgm.mjs:1:108141
    at https://framerusercontent.com/sites/1XS0kSuPzFzHzGBQlDOnQO/framer.D3FLQgcr.mjs:115:33813
    at https://framerusercontent.com/sites/1XS0kSuPzFzHzGBQlDOnQO/framer.D3FLQgcr.mjs:1059:17150
    at Suspense
    at rl (https://framerusercontent.com/sites/1XS0kSuPzFzHzGBQlDOnQO/framer.D3FLQgcr.mjs:49:67857)
    at Jl (https://framerusercontent.com/sites/1XS0kSuPzFzHzGBQlDOnQO/framer.D3FLQgcr.mjs:52:228)
    at Fi (https://framerusercontent.com/sites/1XS0kSuPzFzHzGBQlDOnQO/script_main.CHLVvPgm.mjs:1:112895)
    at id (https://framerusercontent.com/sites/1XS0kSuPzFzHzGBQlDOnQO/framer.D3FLQgcr.mjs:54:6063)
    at X_ (https://framerusercontent.com/sites/1XS0kSuPzFzHzGBQlDOnQO/framer.D3FLQgcr.mjs:115:6019)
    at Suspense
    at rl (https://framerusercontent.com/sites/1XS0kSuPzFzHzGBQlDOnQO/framer.D3FLQgcr.mjs:49:67857)
    at RS (https://framerusercontent.com/sites/1XS0kSuPzFzHzGBQlDOnQO/framer.D3FLQgcr.mjs:1052:32332)
    at Dr (https://framerusercontent.com/sites/1XS0kSuPzFzHzGBQlDOnQO/framer.D3FLQgcr.mjs:49:6487)
    at Bt (https://framerusercontent.com/sites/1XS0kSuPzFzHzGBQlDOnQO/framer.D3FLQgcr.mjs:3:2957)
    at rd (https://framerusercontent.com/sites/1XS0kSuPzFzHzGBQlDOnQO/framer.D3FLQgcr.mjs:54:2003)
    at Iu (https://framerusercontent.com/sites/1XS0kSuPzFzHzGBQlDOnQO/framer.D3FLQgcr.mjs:52:11989)
    at https://framerusercontent.com/sites/1XS0kSuPzFzHzGBQlDOnQO/framer.D3FLQgcr.mjs:1059:2511
    at https://framerusercontent.com/sites/1XS0kSuPzFzHzGBQlDOnQO/framer.D3FLQgcr.mjs:115:33813
    at kw (https://framerusercontent.com/sites/1XS0kSuPzFzHzGBQlDOnQO/framer.D3FLQgcr.mjs:1059:16919)
    at Sn (https://framerusercontent.com/sites/1XS0kSuPzFzHzGBQlDOnQO/framer.D3FLQgcr.mjs:7:7918)
    at Wn (https://framerusercontent.com/sites/1XS0kSuPzFzHzGBQlDOnQO/motion.P2QJIt2h.mjs:9:1402)
    at md (https://framerusercontent.com/sites/1XS0kSuPzFzHzGBQlDOnQO/framer.D3FLQgcr.mjs:54:7322)
    at vC (https://framerusercontent.com/sites/1XS0kSuPzFzHzGBQlDOnQO/framer.D3FLQgcr.mjs:1059:6222)
    at Un (https://framerusercontent.com/sites/1XS0kSuPzFzHzGBQlDOnQO/framer.D3FLQgcr.mjs:7:12661) @ https://framerusercontent.com/sites/1XS0kSuPzFzHzGBQlDOnQO/script_main.CHLVvPgm.mjs:0
[     382ms] [WARNING] Caught a recoverable error. The site is still functional, but might have some UI flickering or degraded page load performance. If you are the author of this website, update external components and check recently added custom code or code overrides to fix the following server/client mismatches:
 Error: Minified React error #422; visit https://reactjs.org/docs/error-decoder.html?invariant=422 for the full message or use the non-minified dev environment for full errors and additional helpful warnings.
    at ns (https://framerusercontent.com/sites/1XS0kSuPzFzHzGBQlDOnQO/react.BYQ-3Elq.mjs:8:8255)
    at $o (https://framerusercontent.com/sites/1XS0kSuPzFzHzGBQlDOnQO/react.BYQ-3Elq.mjs:8:7196)
    at cp (https://framerusercontent.com/sites/1XS0kSuPzFzHzGBQlDOnQO/react.BYQ-3Elq.mjs:8:68482)
    at $s (https://framerusercontent.com/sites/1XS0kSuPzFzHzGBQlDOnQO/react.BYQ-3Elq.mjs:8:37073)
    at Qs (https://framerusercontent.com/sites/1XS0kSuPzFzHzGBQlDOnQO/react.BYQ-3Elq.mjs:8:37046)
    at Ls (https://framerusercontent.com/sites/1XS0kSuPzFzHzGBQlDOnQO/react.BYQ-3Elq.mjs:8:32130)
    at wt (https://framerusercontent.com/sites/1XS0kSuPzFzHzGBQlDOnQO/react.BYQ-3Elq.mjs:1:10651)
    at MessagePort.Et (https://framerusercontent.com/sites/1XS0kSuPzFzHzGBQlDOnQO/react.BYQ-3Elq.mjs:1:11006) null @ https://framerusercontent.com/sites/1XS0kSuPzFzHzGBQlDOnQO/script_main.CHLVvPgm.mjs:0
[    1486ms] [LOG] [Framer On-Page Editing] Unavailable because not on a `framer.app` subdomain and access status is no-auth @ https://app.framerstatic.com/editorbar.WXUS2NNN.mjs:0
